<?xml version="1.0" encoding="UTF-8"?>
<!-- Generated by org.testng.reporters.JUnitReportReporter -->
<testsuite skipped="0" hostname="DESKTOP-FU6I2BF" name="org.tests.TC1" tests="1" failures="0" timestamp="2019-09-25T04:50:40 PDT" time="0.009" errors="0">
  <testcase name="tc1" time="0.009" classname="org.tests.TC1"/>
</testsuite> <!-- org.tests.TC1 -->
